\BOOKMARK [1][-]{section.1}{\376\377\000I\000n\000t\000r\000o\000d\000u\000c\000t\000i\000o\000n}{}% 1
\BOOKMARK [2][-]{subsection.1.1}{\376\377\000B\000a\000c\000k\000g\000r\000o\000u\000n\000d\000\040\000a\000n\000d\000\040\000M\000o\000t\000i\000v\000a\000t\000i\000o\000n}{section.1}% 2
\BOOKMARK [2][-]{subsection.1.2}{\376\377\000O\000b\000j\000e\000c\000t\000i\000v\000e\000s}{section.1}% 3
\BOOKMARK [2][-]{subsection.1.3}{\376\377\000K\000e\000y\000\040\000F\000e\000a\000t\000u\000r\000e\000s}{section.1}% 4
\BOOKMARK [1][-]{section.2}{\376\377\000S\000y\000s\000t\000e\000m\000\040\000A\000r\000c\000h\000i\000t\000e\000c\000t\000u\000r\000e}{}% 5
\BOOKMARK [2][-]{subsection.2.1}{\376\377\000O\000v\000e\000r\000v\000i\000e\000w}{section.2}% 6
\BOOKMARK [2][-]{subsection.2.2}{\376\377\000N\000C\000B\000I\000\040\000E\000-\000u\000t\000i\000l\000i\000t\000i\000e\000s\000\040\000A\000P\000I\000\040\000I\000n\000t\000e\000g\000r\000a\000t\000i\000o\000n}{section.2}% 7
\BOOKMARK [3][-]{subsubsection.2.2.1}{\376\377\000E\000S\000e\000a\000r\000c\000h\000\040\000A\000P\000I\000\040\000\050\000e\000s\000e\000a\000r\000c\000h\000.\000f\000c\000g\000i\000\051}{subsection.2.2}% 8
\BOOKMARK [3][-]{subsubsection.2.2.2}{\376\377\000E\000F\000e\000t\000c\000h\000\040\000A\000P\000I\000\040\000\050\000e\000f\000e\000t\000c\000h\000.\000f\000c\000g\000i\000\051}{subsection.2.2}% 9
\BOOKMARK [2][-]{subsection.2.3}{\376\377\000D\000a\000t\000a\000\040\000F\000l\000o\000w}{section.2}% 10
\BOOKMARK [1][-]{section.3}{\376\377\000I\000m\000p\000l\000e\000m\000e\000n\000t\000a\000t\000i\000o\000n\000\040\000D\000e\000t\000a\000i\000l\000s}{}% 11
\BOOKMARK [2][-]{subsection.3.1}{\376\377\000C\000o\000d\000e\000\040\000S\000t\000r\000u\000c\000t\000u\000r\000e}{section.3}% 12
\BOOKMARK [2][-]{subsection.3.2}{\376\377\000Q\000u\000e\000r\000y\000\040\000B\000u\000i\000l\000d\000i\000n\000g}{section.3}% 13
\BOOKMARK [2][-]{subsection.3.3}{\376\377\000X\000M\000L\000\040\000P\000a\000r\000s\000i\000n\000g}{section.3}% 14
\BOOKMARK [2][-]{subsection.3.4}{\376\377\000R\000a\000t\000e\000\040\000L\000i\000m\000i\000t\000i\000n\000g\000\040\000I\000m\000p\000l\000e\000m\000e\000n\000t\000a\000t\000i\000o\000n}{section.3}% 15
\BOOKMARK [2][-]{subsection.3.5}{\376\377\000V\000a\000l\000v\000e\000s\000\040\000C\000o\000n\000f\000i\000g\000u\000r\000a\000t\000i\000o\000n}{section.3}% 16
\BOOKMARK [1][-]{section.4}{\376\377\000I\000n\000s\000t\000a\000l\000l\000a\000t\000i\000o\000n\000\040\000a\000n\000d\000\040\000C\000o\000n\000f\000i\000g\000u\000r\000a\000t\000i\000o\000n}{}% 17
\BOOKMARK [2][-]{subsection.4.1}{\376\377\000P\000r\000e\000r\000e\000q\000u\000i\000s\000i\000t\000e\000s}{section.4}% 18
\BOOKMARK [2][-]{subsection.4.2}{\376\377\000I\000n\000s\000t\000a\000l\000l\000a\000t\000i\000o\000n\000\040\000S\000t\000e\000p\000s}{section.4}% 19
\BOOKMARK [3][-]{subsubsection.4.2.1}{\376\377\000M\000e\000t\000h\000o\000d\000\040\0001\000:\000\040\000D\000i\000r\000e\000c\000t\000\040\000C\000o\000p\000y\000\040\000\050\000R\000e\000c\000o\000m\000m\000e\000n\000d\000e\000d\000\051}{subsection.4.2}% 20
\BOOKMARK [3][-]{subsubsection.4.2.2}{\376\377\000M\000e\000t\000h\000o\000d\000\040\0002\000:\000\040\000F\000i\000l\000e\000\040\000I\000m\000p\000o\000r\000t}{subsection.4.2}% 21
\BOOKMARK [2][-]{subsection.4.3}{\376\377\000C\000o\000n\000f\000i\000g\000u\000r\000i\000n\000g\000\040\000V\000a\000l\000v\000e\000s}{section.4}% 22
\BOOKMARK [1][-]{section.5}{\376\377\000U\000s\000a\000g\000e\000\040\000G\000u\000i\000d\000e}{}% 23
\BOOKMARK [2][-]{subsection.5.1}{\376\377\000N\000a\000t\000u\000r\000a\000l\000\040\000L\000a\000n\000g\000u\000a\000g\000e\000\040\000Q\000u\000e\000r\000i\000e\000s}{section.5}% 24
\BOOKMARK [3][-]{subsubsection.5.1.1}{\376\377\000B\000a\000s\000i\000c\000\040\000S\000e\000a\000r\000c\000h}{subsection.5.1}% 25
\BOOKMARK [3][-]{subsubsection.5.1.2}{\376\377\000D\000a\000t\000e\000\040\000F\000i\000l\000t\000e\000r\000e\000d\000\040\000S\000e\000a\000r\000c\000h}{subsection.5.1}% 26
\BOOKMARK [3][-]{subsubsection.5.1.3}{\376\377\000A\000u\000t\000h\000o\000r\000\040\000F\000i\000l\000t\000e\000r\000e\000d\000\040\000S\000e\000a\000r\000c\000h}{subsection.5.1}% 27
\BOOKMARK [3][-]{subsubsection.5.1.4}{\376\377\000J\000o\000u\000r\000n\000a\000l\000\040\000F\000i\000l\000t\000e\000r\000e\000d\000\040\000S\000e\000a\000r\000c\000h}{subsection.5.1}% 28
\BOOKMARK [3][-]{subsubsection.5.1.5}{\376\377\000P\000u\000b\000l\000i\000c\000a\000t\000i\000o\000n\000\040\000T\000y\000p\000e\000\040\000F\000i\000l\000t\000e\000r}{subsection.5.1}% 29
\BOOKMARK [3][-]{subsubsection.5.1.6}{\376\377\000C\000o\000m\000b\000i\000n\000e\000d\000\040\000F\000i\000l\000t\000e\000r\000s}{subsection.5.1}% 30
\BOOKMARK [2][-]{subsection.5.2}{\376\377\000F\000u\000n\000c\000t\000i\000o\000n\000\040\000P\000a\000r\000a\000m\000e\000t\000e\000r\000s}{section.5}% 31
\BOOKMARK [2][-]{subsection.5.3}{\376\377\000S\000u\000p\000p\000o\000r\000t\000e\000d\000\040\000P\000u\000b\000l\000i\000c\000a\000t\000i\000o\000n\000\040\000T\000y\000p\000e\000s}{section.5}% 32
\BOOKMARK [2][-]{subsection.5.4}{\376\377\000O\000u\000t\000p\000u\000t\000\040\000F\000o\000r\000m\000a\000t}{section.5}% 33
\BOOKMARK [1][-]{section.6}{\376\377\000T\000e\000s\000t\000i\000n\000g\000\040\000a\000n\000d\000\040\000V\000a\000l\000i\000d\000a\000t\000i\000o\000n}{}% 34
\BOOKMARK [2][-]{subsection.6.1}{\376\377\000T\000e\000s\000t\000\040\000S\000u\000i\000t\000e\000\040\000O\000v\000e\000r\000v\000i\000e\000w}{section.6}% 35
\BOOKMARK [2][-]{subsection.6.2}{\376\377\000T\000e\000s\000t\000\040\000R\000e\000s\000u\000l\000t\000s}{section.6}% 36
\BOOKMARK [2][-]{subsection.6.3}{\376\377\000T\000e\000s\000t\000\040\000C\000a\000s\000e\000s}{section.6}% 37
\BOOKMARK [3][-]{subsubsection.6.3.1}{\376\377\000T\000e\000s\000t\000\040\0001\000:\000\040\000B\000a\000s\000i\000c\000\040\000K\000e\000y\000w\000o\000r\000d\000\040\000S\000e\000a\000r\000c\000h}{subsection.6.3}% 38
\BOOKMARK [3][-]{subsubsection.6.3.2}{\376\377\000T\000e\000s\000t\000\040\0002\000:\000\040\000D\000a\000t\000e\000\040\000R\000a\000n\000g\000e\000\040\000F\000i\000l\000t\000e\000r}{subsection.6.3}% 39
\BOOKMARK [3][-]{subsubsection.6.3.3}{\376\377\000T\000e\000s\000t\000\040\0003\000:\000\040\000A\000u\000t\000h\000o\000r\000\040\000F\000i\000l\000t\000e\000r}{subsection.6.3}% 40
\BOOKMARK [3][-]{subsubsection.6.3.4}{\376\377\000T\000e\000s\000t\000\040\0004\000:\000\040\000J\000o\000u\000r\000n\000a\000l\000\040\000F\000i\000l\000t\000e\000r}{subsection.6.3}% 41
\BOOKMARK [3][-]{subsubsection.6.3.5}{\376\377\000T\000e\000s\000t\000\040\0005\000:\000\040\000P\000u\000b\000l\000i\000c\000a\000t\000i\000o\000n\000\040\000T\000y\000p\000e\000\040\000F\000i\000l\000t\000e\000r}{subsection.6.3}% 42
\BOOKMARK [3][-]{subsubsection.6.3.6}{\376\377\000T\000e\000s\000t\000\040\0006\000:\000\040\000C\000o\000m\000b\000i\000n\000e\000d\000\040\000F\000i\000l\000t\000e\000r\000s}{subsection.6.3}% 43
\BOOKMARK [3][-]{subsubsection.6.3.7}{\376\377\000T\000e\000s\000t\000\040\0007\000:\000\040\000A\000b\000s\000t\000r\000a\000c\000t\000\040\000R\000e\000t\000r\000i\000e\000v\000a\000l\000\040\000V\000e\000r\000i\000f\000i\000c\000a\000t\000i\000o\000n}{subsection.6.3}% 44
\BOOKMARK [2][-]{subsection.6.4}{\376\377\000R\000a\000t\000e\000\040\000L\000i\000m\000i\000t\000i\000n\000g\000\040\000H\000a\000n\000d\000l\000i\000n\000g}{section.6}% 45
\BOOKMARK [1][-]{section.7}{\376\377\000T\000r\000o\000u\000b\000l\000e\000s\000h\000o\000o\000t\000i\000n\000g}{}% 46
\BOOKMARK [2][-]{subsection.7.1}{\376\377\000C\000o\000m\000m\000o\000n\000\040\000I\000s\000s\000u\000e\000s}{section.7}% 47
\BOOKMARK [3][-]{subsubsection.7.1.1}{\376\377\000R\000a\000t\000e\000\040\000L\000i\000m\000i\000t\000\040\000E\000r\000r\000o\000r\000s\000\040\000\050\000H\000T\000T\000P\000\040\0004\0002\0009\000\051}{subsection.7.1}% 48
\BOOKMARK [3][-]{subsubsection.7.1.2}{\376\377\000N\000o\000\040\000R\000e\000s\000u\000l\000t\000s\000\040\000F\000o\000u\000n\000d}{subsection.7.1}% 49
\BOOKMARK [3][-]{subsubsection.7.1.3}{\376\377\000A\000b\000s\000t\000r\000a\000c\000t\000\040\000N\000o\000t\000\040\000A\000v\000a\000i\000l\000a\000b\000l\000e}{subsection.7.1}% 50
\BOOKMARK [2][-]{subsection.7.2}{\376\377\000N\000e\000t\000w\000o\000r\000k\000\040\000I\000s\000s\000u\000e\000s}{section.7}% 51
\BOOKMARK [1][-]{section.8}{\376\377\000C\000o\000n\000c\000l\000u\000s\000i\000o\000n}{}% 52
\BOOKMARK [2][-]{subsection.8.1}{\376\377\000K\000e\000y\000\040\000A\000c\000h\000i\000e\000v\000e\000m\000e\000n\000t\000s}{section.8}% 53
\BOOKMARK [2][-]{subsection.8.2}{\376\377\000F\000u\000t\000u\000r\000e\000\040\000E\000n\000h\000a\000n\000c\000e\000m\000e\000n\000t\000s}{section.8}% 54
\BOOKMARK [2][-]{subsection.8.3}{\376\377\000A\000v\000a\000i\000l\000a\000b\000i\000l\000i\000t\000y}{section.8}% 55
\BOOKMARK [1][-]{appendix.A}{\376\377\000C\000o\000m\000p\000l\000e\000t\000e\000\040\000S\000o\000u\000r\000c\000e\000\040\000C\000o\000d\000e}{}% 56
\BOOKMARK [1][-]{appendix.B}{\376\377\000A\000P\000I\000\040\000E\000n\000d\000p\000o\000i\000n\000t\000s\000\040\000R\000e\000f\000e\000r\000e\000n\000c\000e}{}% 57
\BOOKMARK [1][-]{appendix.C}{\376\377\000V\000e\000r\000s\000i\000o\000n\000\040\000H\000i\000s\000t\000o\000r\000y}{}% 58
